<?xml version="1.0" encoding="UTF-8"?>
<!-- Generated by org.testng.reporters.JUnitXMLReporter -->
<testsuite ignored="0" hostname="DESKTOP-63OQNSJ" failures="1" tests="1" name="Testscreenshot" time="8.26" errors="0" timestamp="2023-11-06T15:40:51 IST">
  <testcase classname="takescrrnshotOfFailedTC.testcases" name="screenshotTest4" time="0.035">
    <failure type="java.lang.AssertionError" message="expected [true] but found [false]">
      <![CDATA[java.lang.AssertionError: expected [true] but found [false]
at takescrrnshotOfFailedTC.testcases.screenshotTest4(testcases.java:22)
at java.base/java.util.ArrayList.forEach(ArrayList.java:1511)
... Removed 34 stack frames]]>
    </failure>
  </testcase> <!-- screenshotTest4 -->
</testsuite> <!-- Testscreenshot -->
