<?xml version="1.0" encoding="UTF-8"?>
<!-- Generated by org.testng.reporters.JUnitXMLReporter -->
<testsuite ignored="0" hostname="DESKTOP-63OQNSJ" failures="1" tests="3" name="Test" time="0.137" errors="0" timestamp="2023-08-12T16:53:39 IST">
  <testcase classname="testngPrograms.Reporting" name="failureTest" time="0.025">
    <failure type="java.lang.AssertionError" message="expected [true] but found [false]">
      <![CDATA[java.lang.AssertionError: expected [true] but found [false]
at testngPrograms.Reporting.failureTest(Reporting.java:19)
at java.base/java.util.ArrayList.forEach(ArrayList.java:1511)
... Removed 31 stack frames]]>
    </failure>
  </testcase> <!-- failureTest -->
  <testcase classname="testngPrograms.Reporting" name="skippedTest" time="0.003"/>
  <testcase classname="testngPrograms.Reporting" name="successTest" time="0.003"/>
</testsuite> <!-- Test -->
